<?xml version="1.0" encoding="UTF-8"?>
<!-- Generated by org.testng.reporters.JUnitXMLReporter -->
<testsuite ignored="19" hostname="DESKTOP-L9VVM4M" failures="0" tests="1" name="Default test" time="0.068" errors="0" timestamp="2023-01-13T12:13:00 IST">
  <testcase classname="Test.AllModulesSmokeTest" name="@BeforeSuite setup" time="37.922">
    <failure type="org.openqa.selenium.NoSuchWindowException" message="no such window: target window already closed
from unknown error: web view not found
  (Session info: chrome=109.0.5414.74)
Build info: version: &amp;apos;4.1.3&amp;apos;, revision: &amp;apos;7b1ebf28ef&amp;apos;
System info: host: &amp;apos;DESKTOP-L9VVM4M&amp;apos;, ip: &amp;apos;192.168.56.1&amp;apos;, os.name: &amp;apos;Windows 10&amp;apos;, os.arch: &amp;apos;amd64&amp;apos;, os.version: &amp;apos;10.0&amp;apos;, java.version: &amp;apos;17.0.2&amp;apos;
Driver info: org.openqa.selenium.chrome.ChromeDriver
Command: [00648fef52dd72ed8e2346c5136a2069, findElement {using=xpath, value=//div[@class=&amp;apos;m-t-5&amp;apos;]/input}]
Capabilities {acceptInsecureCerts: false, browserName: chrome, browserVersion: 109.0.5414.74, chrome: {chromedriverVersion: 109.0.5414.74 (e7c5703604da..., userDataDir: C:\Users\PRABHA~1\AppData\L...}, goog:chromeOptions: {debuggerAddress: localhost:64560}, javascriptEnabled: true, networkConnectionEnabled: false, pageLoadStrategy: normal, platform: WINDOWS, platformName: WINDOWS, proxy: Proxy(), se:cdp: ws://localhost:64560/devtoo..., se:cdpVersion: 109.0.5414.74, setWindowRect: true, strictFileInteractability: false, timeouts: {implicit: 0, pageLoad: 300000, script: 30000}, unhandledPromptBehavior: dismiss and notify, webauthn:extension:credBlob: true, webauthn:extension:largeBlob: true, webauthn:virtualAuthenticators: true}
Session ID: 00648fef52dd72ed8e2346c5136a2069">
      <![CDATA[org.openqa.selenium.NoSuchWindowException: no such window: target window already closed
from unknown error: web view not found
  (Session info: chrome=109.0.5414.74)
Build info: version: '4.1.3', revision: '7b1ebf28ef'
System info: host: 'DESKTOP-L9VVM4M', ip: '192.168.56.1', os.name: 'Windows 10', os.arch: 'amd64', os.version: '10.0', java.version: '17.0.2'
Driver info: org.openqa.selenium.chrome.ChromeDriver
Command: [00648fef52dd72ed8e2346c5136a2069, findElement {using=xpath, value=//div[@class='m-t-5']/input}]
Capabilities {acceptInsecureCerts: false, browserName: chrome, browserVersion: 109.0.5414.74, chrome: {chromedriverVersion: 109.0.5414.74 (e7c5703604da..., userDataDir: C:\Users\PRABHA~1\AppData\L...}, goog:chromeOptions: {debuggerAddress: localhost:64560}, javascriptEnabled: true, networkConnectionEnabled: false, pageLoadStrategy: normal, platform: WINDOWS, platformName: WINDOWS, proxy: Proxy(), se:cdp: ws://localhost:64560/devtoo..., se:cdpVersion: 109.0.5414.74, setWindowRect: true, strictFileInteractability: false, timeouts: {implicit: 0, pageLoad: 300000, script: 30000}, unhandledPromptBehavior: dismiss and notify, webauthn:extension:credBlob: true, webauthn:extension:largeBlob: true, webauthn:virtualAuthenticators: true}
Session ID: 00648fef52dd72ed8e2346c5136a2069
at java.base/jdk.internal.reflect.NativeConstructorAccessorImpl.newInstance0(Native Method)
at java.base/jdk.internal.reflect.NativeConstructorAccessorImpl.newInstance(NativeConstructorAccessorImpl.java:77)
at java.base/jdk.internal.reflect.DelegatingConstructorAccessorImpl.newInstance(DelegatingConstructorAccessorImpl.java:45)
at java.base/java.lang.reflect.Constructor.newInstanceWithCaller(Constructor.java:499)
at java.base/java.lang.reflect.Constructor.newInstance(Constructor.java:480)
at org.openqa.selenium.remote.codec.w3c.W3CHttpResponseCodec.createException(W3CHttpResponseCodec.java:200)
at org.openqa.selenium.remote.codec.w3c.W3CHttpResponseCodec.decode(W3CHttpResponseCodec.java:133)
at org.openqa.selenium.remote.codec.w3c.W3CHttpResponseCodec.decode(W3CHttpResponseCodec.java:53)
at org.openqa.selenium.remote.HttpCommandExecutor.execute(HttpCommandExecutor.java:184)
at org.openqa.selenium.remote.service.DriverCommandExecutor.invokeExecute(DriverCommandExecutor.java:167)
at org.openqa.selenium.remote.service.DriverCommandExecutor.execute(DriverCommandExecutor.java:142)
at org.openqa.selenium.remote.RemoteWebDriver.execute(RemoteWebDriver.java:567)
at org.openqa.selenium.remote.ElementLocation$ElementFinder$2.findElement(ElementLocation.java:162)
at org.openqa.selenium.remote.ElementLocation.findElement(ElementLocation.java:60)
at org.openqa.selenium.remote.RemoteWebDriver.findElement(RemoteWebDriver.java:385)
at org.openqa.selenium.remote.RemoteWebDriver.findElement(RemoteWebDriver.java:377)
at org.openqa.selenium.support.pagefactory.DefaultElementLocator.findElement(DefaultElementLocator.java:70)
at org.openqa.selenium.support.pagefactory.internal.LocatingElementHandler.invoke(LocatingElementHandler.java:39)
at jdk.proxy2/jdk.proxy2.$Proxy15.sendKeys(Unknown Source)
at Pages.LoginClass.newWEBLogin(LoginClass.java:82)
at Test.AllModulesSmokeTest.setup(AllModulesSmokeTest.java:60)
at java.base/jdk.internal.reflect.NativeMethodAccessorImpl.invoke0(Native Method)
at java.base/jdk.internal.reflect.NativeMethodAccessorImpl.invoke(NativeMethodAccessorImpl.java:77)
at java.base/jdk.internal.reflect.DelegatingMethodAccessorImpl.invoke(DelegatingMethodAccessorImpl.java:43)
at java.base/java.lang.reflect.Method.invoke(Method.java:568)
at org.testng.internal.MethodInvocationHelper.invokeMethod(MethodInvocationHelper.java:133)
at org.testng.internal.MethodInvocationHelper.invokeMethodConsideringTimeout(MethodInvocationHelper.java:62)
at org.testng.internal.ConfigInvoker.invokeConfigurationMethod(ConfigInvoker.java:385)
at org.testng.internal.ConfigInvoker.invokeConfigurations(ConfigInvoker.java:321)
at org.testng.SuiteRunner.privateRun(SuiteRunner.java:317)
at org.testng.SuiteRunner.run(SuiteRunner.java:276)
at org.testng.SuiteRunnerWorker.runSuite(SuiteRunnerWorker.java:53)
at org.testng.SuiteRunnerWorker.run(SuiteRunnerWorker.java:96)
at org.testng.TestNG.runSuitesSequentially(TestNG.java:1212)
at org.testng.TestNG.runSuitesLocally(TestNG.java:1134)
at org.testng.TestNG.runSuites(TestNG.java:1063)
at org.testng.TestNG.run(TestNG.java:1031)
at org.testng.remote.AbstractRemoteTestNG.run(AbstractRemoteTestNG.java:115)
at org.testng.remote.RemoteTestNG.initAndRun(RemoteTestNG.java:251)
at org.testng.remote.RemoteTestNG.main(RemoteTestNG.java:77)
]]>
    </failure>
  </testcase> <!-- @BeforeSuite setup -->
  <testcase classname="Test.AllModulesSmokeTest" name="OverviewAndGenerateOnlineRequest" time="0.0">
    <skipped/>
  </testcase> <!-- OverviewAndGenerateOnlineRequest -->
  <testcase classname="Test.AllModulesSmokeTest" name="selectValuesIndropdown" time="0.0">
    <ignored/>
  </testcase> <!-- selectValuesIndropdown -->
  <testcase classname="Test.AllModulesSmokeTest" name="AddOfflinePaymnet" time="0.0">
    <ignored/>
  </testcase> <!-- AddOfflinePaymnet -->
  <testcase classname="Test.AllModulesSmokeTest" name="announcements" time="0.0">
    <ignored/>
  </testcase> <!-- announcements -->
  <testcase classname="Test.AllModulesSmokeTest" name="AnnouncementClick" time="0.0">
    <ignored/>
  </testcase> <!-- AnnouncementClick -->
  <testcase classname="Test.AllModulesSmokeTest" name="CourseCreations" time="0.0">
    <ignored/>
  </testcase> <!-- CourseCreations -->
  <testcase classname="Test.AllModulesSmokeTest" name="CreateClassRoom" time="0.0">
    <ignored/>
  </testcase> <!-- CreateClassRoom -->
  <testcase classname="Test.AllModulesSmokeTest" name="CourseUpdate" time="0.0">
    <ignored/>
  </testcase> <!-- CourseUpdate -->
  <testcase classname="Test.AllModulesSmokeTest" name="Test" time="0.0">
    <ignored/>
  </testcase> <!-- Test -->
  <testcase classname="Test.AllModulesSmokeTest" name="Transaction" time="0.0">
    <ignored/>
  </testcase> <!-- Transaction -->
  <testcase classname="Test.AllModulesSmokeTest" name="instituteSupport" time="0.0">
    <ignored/>
  </testcase> <!-- instituteSupport -->
  <testcase classname="Test.AllModulesSmokeTest" name="resources" time="0.0">
    <ignored/>
  </testcase> <!-- resources -->
  <testcase classname="Test.AllModulesSmokeTest" name="createPageTest" time="0.0">
    <ignored/>
  </testcase> <!-- createPageTest -->
  <testcase classname="Test.AllModulesSmokeTest" name="viewAll" time="0.0">
    <ignored/>
  </testcase> <!-- viewAll -->
  <testcase classname="Test.AllModulesSmokeTest" name="chatAndCallWithAulasTeam" time="0.0">
    <ignored/>
  </testcase> <!-- chatAndCallWithAulasTeam -->
  <testcase classname="Test.AllModulesSmokeTest" name="GenerateOnlineRequest" time="0.0">
    <ignored/>
  </testcase> <!-- GenerateOnlineRequest -->
  <testcase classname="Test.AllModulesSmokeTest" name="AllStudents" time="0.0">
    <ignored/>
  </testcase> <!-- AllStudents -->
  <testcase classname="Test.AllModulesSmokeTest" name="assignments" time="0.0">
    <ignored/>
  </testcase> <!-- assignments -->
  <testcase classname="Test.AllModulesSmokeTest" name="AllClassesDemo" time="0.0">
    <ignored/>
  </testcase> <!-- AllClassesDemo -->
  <testcase classname="Test.AllModulesSmokeTest" name="checkAllNotifiations" time="0.0">
    <ignored/>
  </testcase> <!-- checkAllNotifiations -->
</testsuite> <!-- Default test -->
